<?xml version="1.0" encoding="UTF-8"?>
<robot generator="Robot 4.1.3 (Python 3.9.10 on win32)" generated="20220309 21:11:38.099" rpa="false" schemaversion="2">
<suite id="s1" name="Radiobutton" source="D:\Dojobox\demorobot\radiobutton.robot">
<test id="s1-t1" name="Choose Yes from Radio Button">
<kw name="Open Browser" library="SeleniumLibrary" type="SETUP">
<arg>${webURL}</arg>
<arg>${BROWSERS}</arg>
<doc>Opens a new browser instance to the optional ``url``.</doc>
<msg timestamp="20220309 21:11:38.375" level="INFO">Opening browser 'chrome' to base url 'https://demoqa.com/radio-button'.</msg>
<status status="PASS" starttime="20220309 21:11:38.375" endtime="20220309 21:13:28.337"/>
</kw>
<kw name="Maximize Browser Window" library="SeleniumLibrary">
<doc>Maximizes current browser window.</doc>
<status status="PASS" starttime="20220309 21:13:28.344" endtime="20220309 21:13:28.538"/>
</kw>
<kw name="Click Element" library="SeleniumLibrary">
<arg>//*[@id="app"]/div/div/div[2]/div[2]/div[2]/div[3]/label</arg>
<doc>Click the element identified by ``locator``.</doc>
<msg timestamp="20220309 21:13:28.540" level="INFO">Clicking element '//*[@id="app"]/div/div/div[2]/div[2]/div[2]/div[3]/label'.</msg>
<status status="PASS" starttime="20220309 21:13:28.539" endtime="20220309 21:13:28.637"/>
</kw>
<kw name="Element Should Be Visible" library="SeleniumLibrary">
<arg>//*[@id="app"]/div/div/div[2]/div[2]/div[2]/p/span</arg>
<doc>Verifies that the element identified by ``locator`` is visible.</doc>
<msg timestamp="20220309 21:13:28.709" level="INFO">Element '//*[@id="app"]/div/div/div[2]/div[2]/div[2]/p/span' is displayed.</msg>
<status status="PASS" starttime="20220309 21:13:28.638" endtime="20220309 21:13:28.709"/>
</kw>
<kw name="Element Should Contain" library="SeleniumLibrary">
<arg>//*[@id="app"]/div/div/div[2]/div[2]/div[2]/p/span</arg>
<arg>Impressive</arg>
<doc>Verifies that element ``locator`` contains text ``expected``.</doc>
<msg timestamp="20220309 21:13:28.758" level="INFO">Element '//*[@id="app"]/div/div/div[2]/div[2]/div[2]/p/span' contains text 'Impressive'.</msg>
<status status="PASS" starttime="20220309 21:13:28.710" endtime="20220309 21:13:28.758"/>
</kw>
<kw name="Close Browser" library="SeleniumLibrary" type="TEARDOWN">
<doc>Closes the current browser.</doc>
<status status="PASS" starttime="20220309 21:13:28.759" endtime="20220309 21:13:30.916"/>
</kw>
<status status="PASS" starttime="20220309 21:11:38.374" endtime="20220309 21:13:30.918"/>
</test>
<status status="PASS" starttime="20220309 21:11:38.102" endtime="20220309 21:13:30.922"/>
</suite>
<statistics>
<total>
<stat pass="1" fail="0" skip="0">All Tests</stat>
</total>
<tag>
</tag>
<suite>
<stat pass="1" fail="0" skip="0" id="s1" name="Radiobutton">Radiobutton</stat>
</suite>
</statistics>
<errors>
</errors>
</robot>
